Build started 3/18/2017 5:50:52 PM.
     1>Project "C:\Users\Narukami-san\Dropbox\cpp Game Project\Game Project\Main\Main.vcxproj" on node 2 (Build target(s)).
     1>ClCompile:
         C:\Program Files (x86)\Microsoft Visual Studio 14.0\VC\bin\CL.exe /c /I"C:\Users\Narukami-san\dropbox\cpp Game Project\Game Project\../shared libs/include" /ZI /nologo /W3 /WX- /sdl /Od /Oy- /D WIN32 /D _DEBUG /D _CONSOLE /D _UNICODE /D UNICODE /Gm /EHsc /RTC1 /MDd /GS /fp:precise /Zc:wchar_t /Zc:forScope /Zc:inline /Fo"Debug\\" /Fd"Debug\vc140.pdb" /Gd /TP /analyze- /errorReport:prompt Entity2D.cpp Sprite.cpp
         Sprite.cpp
     1>c:\users\narukami-san\dropbox\cpp game project\game project\main\sprite.cpp(17): warning C4244: '=': conversion from 'int' to 'float', possible loss of data
     1>c:\users\narukami-san\dropbox\cpp game project\game project\main\sprite.cpp(18): warning C4244: '=': conversion from 'int' to 'float', possible loss of data
     1>c:\users\narukami-san\dropbox\cpp game project\game project\main\sprite.cpp(40): warning C4244: '=': conversion from 'int' to 'float', possible loss of data
     1>c:\users\narukami-san\dropbox\cpp game project\game project\main\sprite.cpp(41): warning C4244: '=': conversion from 'int' to 'float', possible loss of data
         Entity2D.cpp
         Generating Code...
       Link:
         C:\Program Files (x86)\Microsoft Visual Studio 14.0\VC\bin\link.exe /ERRORREPORT:PROMPT /OUT:"C:\Users\Narukami-san\dropbox\cpp Game Project\Game Project\Debug\Main.exe" /INCREMENTAL /NOLOGO /LIBPATH:"C:\Users\Narukami-san\dropbox\cpp Game Project\Game Project\../shared libs/lib/Win32/" opengl32.lib glew32.lib SDL2.lib SDL2main.lib kernel32.lib user32.lib gdi32.lib winspool.lib comdlg32.lib advapi32.lib shell32.lib ole32.lib oleaut32.lib uuid.lib odbc32.lib odbccp32.lib /MANIFEST /MANIFESTUAC:"level='asInvoker' uiAccess='false'" /manifest:embed /Debug /PDB:"C:\Users\Narukami-san\dropbox\cpp Game Project\Game Project\Debug\Main.pdb" /SUBSYSTEM:CONSOLE /TLBID:1 /DYNAMICBASE /NXCOMPAT /IMPLIB:"C:\Users\Narukami-san\dropbox\cpp Game Project\Game Project\Debug\Main.lib" /MACHINE:X86 Debug\Entity2D.obj
         Debug\Graphics.obj
         Debug\Image.obj
         Debug\Input.obj
         Debug\Main.obj
         Debug\Sprite.obj
         Debug\Timer.obj
         Debug\Vector2.obj
         Debug\Vector3.obj
         Debug\Window.obj
         Main.vcxproj -> C:\Users\Narukami-san\dropbox\cpp Game Project\Game Project\Debug\Main.exe
     1>Done Building Project "C:\Users\Narukami-san\Dropbox\cpp Game Project\Game Project\Main\Main.vcxproj" (Build target(s)).

Build succeeded.

Time Elapsed 00:00:02.95
